{"/Users/andrewshaffer/weo/gulp-inline/index.js":{"path":"/Users/andrewshaffer/weo/gulp-inline/index.js","s":{"1":1,"2":1,"3":4,"4":1,"5":1,"6":4,"7":4,"8":4,"9":4,"10":1,"11":3,"12":3,"13":2,"14":2,"15":2,"16":3,"17":2,"18":2,"19":2,"20":2,"21":1,"22":1,"23":3,"24":3,"25":2,"26":2,"27":2,"28":3,"29":2,"30":2,"31":2,"32":2,"33":1,"34":1,"35":3,"36":3,"37":3,"38":3,"39":3,"40":3,"41":3,"42":3,"43":3,"44":3,"45":3},"b":{"1":[4,4],"2":[2,0],"3":[2,2],"4":[2,1],"5":[2,0],"6":[2,2],"7":[2,1],"8":[3,0],"9":[3,0],"10":[3,3],"11":[3,3]},"f":{"1":4,"2":4,"3":4,"4":3,"5":2,"6":2,"7":2,"8":3,"9":2,"10":2,"11":2,"12":3,"13":3,"14":3},"fnMap":{"1":{"name":"isLocal","line":9,"loc":{"start":{"line":9,"column":0},"end":{"line":9,"column":23}}},"2":{"name":"replace","line":16,"loc":{"start":{"line":16,"column":0},"end":{"line":16,"column":27}}},"3":{"name":"(anonymous_3)","line":17,"loc":{"start":{"line":17,"column":21},"end":{"line":17,"column":45}}},"4":{"name":"injectStyles","line":24,"loc":{"start":{"line":24,"column":0},"end":{"line":24,"column":44}}},"5":{"name":"(anonymous_5)","line":26,"loc":{"start":{"line":26,"column":17},"end":{"line":26,"column":35}}},"6":{"name":"(anonymous_6)","line":35,"loc":{"start":{"line":35,"column":19},"end":{"line":35,"column":32}}},"7":{"name":"(anonymous_7)","line":39,"loc":{"start":{"line":39,"column":26},"end":{"line":39,"column":50}}},"8":{"name":"injectScripts","line":47,"loc":{"start":{"line":47,"column":0},"end":{"line":47,"column":45}}},"9":{"name":"(anonymous_9)","line":49,"loc":{"start":{"line":49,"column":19},"end":{"line":49,"column":37}}},"10":{"name":"(anonymous_10)","line":58,"loc":{"start":{"line":58,"column":20},"end":{"line":58,"column":33}}},"11":{"name":"(anonymous_11)","line":62,"loc":{"start":{"line":62,"column":26},"end":{"line":62,"column":50}}},"12":{"name":"(anonymous_12)","line":70,"loc":{"start":{"line":70,"column":17},"end":{"line":70,"column":32}}},"13":{"name":"(anonymous_13)","line":71,"loc":{"start":{"line":71,"column":21},"end":{"line":71,"column":45}}},"14":{"name":"(anonymous_14)","line":74,"loc":{"start":{"line":74,"column":26},"end":{"line":74,"column":37}}}},"statementMap":{"1":{"start":{"line":1,"column":0},"end":{"line":7,"column":27}},"2":{"start":{"line":9,"column":0},"end":{"line":11,"column":1}},"3":{"start":{"line":10,"column":2},"end":{"line":10,"column":44}},"4":{"start":{"line":13,"column":0},"end":{"line":14,"column":79}},"5":{"start":{"line":16,"column":0},"end":{"line":22,"column":1}},"6":{"start":{"line":17,"column":2},"end":{"line":21,"column":5}},"7":{"start":{"line":18,"column":4},"end":{"line":18,"column":72}},"8":{"start":{"line":19,"column":4},"end":{"line":19,"column":20}},"9":{"start":{"line":20,"column":4},"end":{"line":20,"column":9}},"10":{"start":{"line":24,"column":0},"end":{"line":45,"column":1}},"11":{"start":{"line":25,"column":2},"end":{"line":25,"column":18}},"12":{"start":{"line":26,"column":2},"end":{"line":31,"column":5}},"13":{"start":{"line":27,"column":4},"end":{"line":27,"column":15}},"14":{"start":{"line":28,"column":4},"end":{"line":30,"column":5}},"15":{"start":{"line":29,"column":6},"end":{"line":29,"column":22}},"16":{"start":{"line":33,"column":2},"end":{"line":44,"column":9}},"17":{"start":{"line":34,"column":4},"end":{"line":34,"column":42}},"18":{"start":{"line":35,"column":4},"end":{"line":42,"column":7}},"19":{"start":{"line":36,"column":6},"end":{"line":41,"column":18}},"20":{"start":{"line":40,"column":10},"end":{"line":40,"column":15}},"21":{"start":{"line":44,"column":4},"end":{"line":44,"column":9}},"22":{"start":{"line":47,"column":0},"end":{"line":68,"column":1}},"23":{"start":{"line":48,"column":2},"end":{"line":48,"column":19}},"24":{"start":{"line":49,"column":2},"end":{"line":54,"column":5}},"25":{"start":{"line":50,"column":4},"end":{"line":50,"column":15}},"26":{"start":{"line":51,"column":4},"end":{"line":53,"column":5}},"27":{"start":{"line":52,"column":6},"end":{"line":52,"column":23}},"28":{"start":{"line":56,"column":2},"end":{"line":67,"column":9}},"29":{"start":{"line":57,"column":4},"end":{"line":57,"column":43}},"30":{"start":{"line":58,"column":4},"end":{"line":65,"column":7}},"31":{"start":{"line":59,"column":6},"end":{"line":64,"column":18}},"32":{"start":{"line":63,"column":10},"end":{"line":63,"column":15}},"33":{"start":{"line":67,"column":4},"end":{"line":67,"column":9}},"34":{"start":{"line":70,"column":0},"end":{"line":88,"column":2}},"35":{"start":{"line":71,"column":2},"end":{"line":87,"column":5}},"36":{"start":{"line":72,"column":4},"end":{"line":78,"column":9}},"37":{"start":{"line":75,"column":8},"end":{"line":75,"column":45}},"38":{"start":{"line":76,"column":8},"end":{"line":76,"column":24}},"39":{"start":{"line":77,"column":8},"end":{"line":77,"column":13}},"40":{"start":{"line":80,"column":4},"end":{"line":80,"column":22}},"41":{"start":{"line":81,"column":4},"end":{"line":81,"column":32}},"42":{"start":{"line":82,"column":4},"end":{"line":82,"column":40}},"43":{"start":{"line":83,"column":4},"end":{"line":83,"column":38}},"44":{"start":{"line":85,"column":4},"end":{"line":85,"column":47}},"45":{"start":{"line":86,"column":4},"end":{"line":86,"column":47}}},"branchMap":{"1":{"line":10,"type":"binary-expr","locations":[{"start":{"line":10,"column":9},"end":{"line":10,"column":13}},{"start":{"line":10,"column":17},"end":{"line":10,"column":43}}]},"2":{"line":28,"type":"if","locations":[{"start":{"line":28,"column":4},"end":{"line":28,"column":4}},{"start":{"line":28,"column":4},"end":{"line":28,"column":4}}]},"3":{"line":28,"type":"binary-expr","locations":[{"start":{"line":28,"column":7},"end":{"line":28,"column":38}},{"start":{"line":28,"column":42},"end":{"line":28,"column":66}}]},"4":{"line":33,"type":"if","locations":[{"start":{"line":33,"column":2},"end":{"line":33,"column":2}},{"start":{"line":33,"column":2},"end":{"line":33,"column":2}}]},"5":{"line":51,"type":"if","locations":[{"start":{"line":51,"column":4},"end":{"line":51,"column":4}},{"start":{"line":51,"column":4},"end":{"line":51,"column":4}}]},"6":{"line":51,"type":"binary-expr","locations":[{"start":{"line":51,"column":7},"end":{"line":51,"column":44}},{"start":{"line":51,"column":48},"end":{"line":51,"column":71}}]},"7":{"line":56,"type":"if","locations":[{"start":{"line":56,"column":2},"end":{"line":56,"column":2}},{"start":{"line":56,"column":2},"end":{"line":56,"column":2}}]},"8":{"line":80,"type":"binary-expr","locations":[{"start":{"line":80,"column":11},"end":{"line":80,"column":15}},{"start":{"line":80,"column":19},"end":{"line":80,"column":21}}]},"9":{"line":81,"type":"binary-expr","locations":[{"start":{"line":81,"column":16},"end":{"line":81,"column":25}},{"start":{"line":81,"column":29},"end":{"line":81,"column":31}}]},"10":{"line":82,"type":"binary-expr","locations":[{"start":{"line":82,"column":15},"end":{"line":82,"column":23}},{"start":{"line":82,"column":27},"end":{"line":82,"column":39}}]},"11":{"line":83,"type":"binary-expr","locations":[{"start":{"line":83,"column":14},"end":{"line":83,"column":21}},{"start":{"line":83,"column":25},"end":{"line":83,"column":37}}]}}}}