TN:
SF:/Users/andrewshaffer/weo/gulp-inline/index.js
FN:9,isLocal
FN:16,replace
FN:17,(anonymous_3)
FN:24,injectStyles
FN:26,(anonymous_5)
FN:35,(anonymous_6)
FN:39,(anonymous_7)
FN:47,injectScripts
FN:49,(anonymous_9)
FN:58,(anonymous_10)
FN:62,(anonymous_11)
FN:70,(anonymous_12)
FN:71,(anonymous_13)
FN:74,(anonymous_14)
FNF:14
FNH:14
FNDA:4,isLocal
FNDA:4,replace
FNDA:4,(anonymous_3)
FNDA:3,injectStyles
FNDA:2,(anonymous_5)
FNDA:2,(anonymous_6)
FNDA:2,(anonymous_7)
FNDA:3,injectScripts
FNDA:2,(anonymous_9)
FNDA:2,(anonymous_10)
FNDA:2,(anonymous_11)
FNDA:3,(anonymous_12)
FNDA:3,(anonymous_13)
FNDA:3,(anonymous_14)
DA:1,1
DA:9,1
DA:10,4
DA:13,1
DA:16,1
DA:17,4
DA:18,4
DA:19,4
DA:20,4
DA:24,1
DA:25,3
DA:26,3
DA:27,2
DA:28,2
DA:29,2
DA:33,3
DA:34,2
DA:35,2
DA:36,2
DA:40,2
DA:44,1
DA:47,1
DA:48,3
DA:49,3
DA:50,2
DA:51,2
DA:52,2
DA:56,3
DA:57,2
DA:58,2
DA:59,2
DA:63,2
DA:67,1
DA:70,1
DA:71,3
DA:72,3
DA:75,3
DA:76,3
DA:77,3
DA:80,3
DA:81,3
DA:82,3
DA:83,3
DA:85,3
DA:86,3
LF:45
LH:45
BRDA:10,1,0,4
BRDA:10,1,1,4
BRDA:28,2,0,2
BRDA:28,2,1,0
BRDA:28,3,0,2
BRDA:28,3,1,2
BRDA:33,4,0,2
BRDA:33,4,1,1
BRDA:51,5,0,2
BRDA:51,5,1,0
BRDA:51,6,0,2
BRDA:51,6,1,2
BRDA:56,7,0,2
BRDA:56,7,1,1
BRDA:80,8,0,3
BRDA:80,8,1,0
BRDA:81,9,0,3
BRDA:81,9,1,0
BRDA:82,10,0,3
BRDA:82,10,1,3
BRDA:83,11,0,3
BRDA:83,11,1,3
BRF:22
BRH:18
end_of_record
